<?xml version="1.0" encoding="utf-8"?><testsuites name="pytest tests"><testsuite name="pytest" errors="0" failures="0" skipped="0" tests="12" time="2.584" timestamp="2026-09-20T12:04:35.315494+00:00" hostname="agent-env-c5520a5f-bb54-40d6-9908-c88bdf86c538"><testcase classname="tests.test_magnrey_api" name="test_health" time="0.322" /><testcase classname="tests.test_magnrey_api" name="test_booking_slots" time="0.050" /><testcase classname="tests.test_magnrey_api" name="test_create_lead_with_slot" time="0.152" /><testcase classname="tests.test_magnrey_api" name="test_login_wrong_password" time="0.250" /><testcase classname="tests.test_magnrey_api" name="test_me_requires_token" time="0.054" /><testcase classname="tests.test_magnrey_api" name="test_me_with_token" time="0.296" /><testcase classname="tests.test_magnrey_api" name="test_admin_endpoints_require_auth" time="0.193" /><testcase classname="tests.test_magnrey_api" name="test_admin_stats" time="0.047" /><testcase classname="tests.test_magnrey_api" name="test_admin_leads" time="0.049" /><testcase classname="tests.test_magnrey_api" name="test_admin_newsletter" time="0.045" /><testcase classname="tests.test_magnrey_api" name="test_insight_crud" time="0.266" /><testcase classname="tests.test_magnrey_api" name="test_case_study_crud" time="0.203" /></testsuite></testsuites>